2022-10-30 03:52:13.324  INFO 15928 --- [main] esprit.tn.amdounidev.KaddemApplication   : Starting KaddemApplication using Java 18.0.2 on DESKTOP-6PBE1CT with PID 15928 (C:\Users\MSI\Documents\GitHub\Kaddem_TWIN6_2022-2023\target\classes started by MSI in C:\Users\MSI\Documents\GitHub\Kaddem_TWIN6_2022-2023)
2022-10-30 03:52:13.327  INFO 15928 --- [main] esprit.tn.amdounidev.KaddemApplication   : No active profile set, falling back to 1 default profile: "default"
2022-10-30 03:52:13.802  INFO 15928 --- [main] .s.d.r.c.RepositoryConfigurationDelegate : Bootstrapping Spring Data JPA repositories in DEFAULT mode.
2022-10-30 03:52:13.860  INFO 15928 --- [main] .s.d.r.c.RepositoryConfigurationDelegate : Finished Spring Data repository scanning in 52 ms. Found 10 JPA repository interfaces.
2022-10-30 03:52:14.195  INFO 15928 --- [main] o.s.b.w.embedded.tomcat.TomcatWebServer  : Tomcat initialized with port(s): 8083 (http)
2022-10-30 03:52:14.200  INFO 15928 --- [main] o.apache.catalina.core.StandardService   : Starting service [Tomcat]
2022-10-30 03:52:14.200  INFO 15928 --- [main] org.apache.catalina.core.StandardEngine  : Starting Servlet engine: [Apache Tomcat/9.0.65]
2022-10-30 03:52:14.273  INFO 15928 --- [main] o.a.c.c.C.[.[localhost].[/kaddem]        : Initializing Spring embedded WebApplicationContext
2022-10-30 03:52:14.273  INFO 15928 --- [main] w.s.c.ServletWebServerApplicationContext : Root WebApplicationContext: initialization completed in 911 ms
2022-10-30 03:52:14.374  INFO 15928 --- [main] o.hibernate.jpa.internal.util.LogHelper  : HHH000204: Processing PersistenceUnitInfo [name: default]
2022-10-30 03:52:14.400  INFO 15928 --- [main] org.hibernate.Version                    : HHH000412: Hibernate ORM core version 5.6.11.Final
2022-10-30 03:52:14.486  INFO 15928 --- [main] o.hibernate.annotations.common.Version   : HCANN000001: Hibernate Commons Annotations {5.1.2.Final}
2022-10-30 03:52:14.533  INFO 15928 --- [main] com.zaxxer.hikari.HikariDataSource       : HikariPool-1 - Starting...
2022-10-30 03:52:14.604  INFO 15928 --- [main] com.zaxxer.hikari.HikariDataSource       : HikariPool-1 - Start completed.
2022-10-30 03:52:14.609  INFO 15928 --- [main] org.hibernate.dialect.Dialect            : HHH000400: Using dialect: org.hibernate.dialect.MySQL5Dialect
2022-10-30 03:52:15.280  INFO 15928 --- [main] o.h.e.t.j.p.i.JtaPlatformInitiator       : HHH000490: Using JtaPlatform implementation: [org.hibernate.engine.transaction.jta.platform.internal.NoJtaPlatform]
2022-10-30 03:52:15.285  INFO 15928 --- [main] j.LocalContainerEntityManagerFactoryBean : Initialized JPA EntityManagerFactory for persistence unit 'default'
2022-10-30 03:52:15.730  WARN 15928 --- [main] JpaBaseConfiguration$JpaWebConfiguration : spring.jpa.open-in-view is enabled by default. Therefore, database queries may be performed during view rendering. Explicitly configure spring.jpa.open-in-view to disable this warning
2022-10-30 03:52:16.311  INFO 15928 --- [main] o.s.b.w.embedded.tomcat.TomcatWebServer  : Tomcat started on port(s): 8083 (http) with context path '/kaddem'
2022-10-30 03:52:16.319  INFO 15928 --- [main] esprit.tn.amdounidev.KaddemApplication   : Started KaddemApplication in 3.251 seconds (JVM running for 3.741)
2022-10-30 03:54:03.064  INFO 15928 --- [SpringApplicationShutdownHook] j.LocalContainerEntityManagerFactoryBean : Closing JPA EntityManagerFactory for persistence unit 'default'
2022-10-30 03:54:03.066  INFO 15928 --- [SpringApplicationShutdownHook] com.zaxxer.hikari.HikariDataSource       : HikariPool-1 - Shutdown initiated...
2022-10-30 03:54:03.070  INFO 15928 --- [SpringApplicationShutdownHook] com.zaxxer.hikari.HikariDataSource       : HikariPool-1 - Shutdown completed.
